<?xml version="1.0" encoding="UTF-8"?>
<!-- Generated by org.testng.reporters.JUnitReportReporter -->
<testsuite hostname="MacBooks-MacBook-Pro.local" failures="0" tests="1" name="tests.CreateIssue" time="0.000" errors="0" timestamp="2021-06-14T02:41:17 EET" skipped="1">
  <testcase classname="tests.CreateIssue" name="searchIssue" time="0.000">
    <skipped/>
  </testcase> <!-- searchIssue -->
  <system-out/>
</testsuite> <!-- tests.CreateIssue -->
